<?xml version="1.0" encoding="UTF-8"?>
<!-- Generated by org.testng.reporters.JUnitXMLReporter -->
<testsuite hostname="ISA-GAURAV" name="Command line test" tests="2" failures="0" timestamp="6 Sep 2017 18:43:23 GMT" time="0.047" errors="0">
  <testcase name="testApp on testApp(com.safehats.tests.AppTest)" time="0.0" classname="com.safehats.tests.AppTest"/>
  <testcase name="testApp on testApp(com.safehats.com.safehats.AppTest)" time="0.0" classname="com.safehats.com.safehats.AppTest"/>
</testsuite> <!-- Command line test -->
