<?xml version="1.0" encoding="UTF-8"?>
<testng-results skipped="0" failed="0" total="2" passed="2">
  <reporter-output>
  </reporter-output>
  <suite name="Command line suite" duration-ms="47" started-at="2017-09-06T18:43:22Z" finished-at="2017-09-06T18:43:23Z">
    <groups>
    </groups>
    <test name="Command line test" duration-ms="47" started-at="2017-09-06T18:43:22Z" finished-at="2017-09-06T18:43:23Z">
      <class name="com.safehats.com.safehats.AppTest">
        <test-method status="PASS" signature="testApp()[pri:0, instance:testApp(com.safehats.com.safehats.AppTest)]" name="testApp" duration-ms="0" started-at="2017-09-07T00:13:23Z" finished-at="2017-09-07T00:13:23Z">
          <reporter-output>
          </reporter-output>
        </test-method> <!-- testApp -->
      </class> <!-- com.safehats.com.safehats.AppTest -->
      <class name="com.safehats.tests.AppTest">
        <test-method status="PASS" signature="testApp()[pri:0, instance:testApp(com.safehats.tests.AppTest)]" name="testApp" duration-ms="0" started-at="2017-09-07T00:13:23Z" finished-at="2017-09-07T00:13:23Z">
          <reporter-output>
          </reporter-output>
        </test-method> <!-- testApp -->
      </class> <!-- com.safehats.tests.AppTest -->
    </test> <!-- Command line test -->
  </suite> <!-- Command line suite -->
</testng-results>
